This file contains any messages produced by compilers while
running configure, to aid debugging if configure makes a mistake.

It was created by smqueue configure TRUNK, which was
generated by GNU Autoconf 2.65.  Invocation command line was

  $ ./configure 

## --------- ##
## Platform. ##
## --------- ##

hostname = gabriel-laptop
uname -m = x86_64
uname -r = 2.6.32-45-generic
uname -s = Linux
uname -v = #104-Ubuntu SMP Tue Feb 19 21:20:09 UTC 2013

/usr/bin/uname -p = unknown
/bin/uname -X     = unknown

/bin/arch              = unknown
/usr/bin/arch -k       = unknown
/usr/convex/getsysinfo = unknown
/usr/bin/hostinfo      = unknown
/bin/machine           = unknown
/usr/bin/oslevel       = unknown
/bin/universe          = unknown

PATH: /home/gabriel/bin
PATH: /usr/lib/jvm/java-6-sun-1.6.0.30/bin
PATH: .
PATH: /usr/local/sbin
PATH: /usr/local/bin
PATH: /usr/sbin
PATH: /usr/bin
PATH: /sbin
PATH: /bin
PATH: /usr/games
PATH: /home/gabriel/rmm/bin
PATH: /home/gabriel/rmm/sbin
PATH: /usr/lib/jvm/java-6-sun-1.6.0.30/bin
PATH: /home/gabriel/tomcat7/webapps/axis2/WEB-INF/classes/jars
PATH: /home/gabriel/apache-maven-3.1.0/bin


## ----------- ##
## Core tests. ##
## ----------- ##

configure:2541: checking build system type
configure:2555: result: x86_64-unknown-linux-gnu
configure:2575: checking host system type
configure:2588: result: x86_64-unknown-linux-gnu
configure:2608: checking target system type
configure:2621: result: x86_64-unknown-linux-gnu
configure:2664: checking for a BSD-compatible install
configure:2732: result: /usr/bin/install -c
configure:2743: checking whether build environment is sane
configure:2793: result: yes
configure:2934: checking for a thread-safe mkdir -p
configure:2973: result: /bin/mkdir -p
configure:2986: checking for gawk
configure:3002: found /usr/bin/gawk
configure:3013: result: gawk
configure:3024: checking whether make sets $(MAKE)
configure:3046: result: yes
configure:3139: checking for style of include used by make
configure:3167: result: GNU
configure:3237: checking for gcc
configure:3253: found /usr/bin/gcc
configure:3264: result: gcc
configure:3493: checking for C compiler version
configure:3502: gcc --version >&5
gcc (Ubuntu 4.4.3-4ubuntu5.1) 4.4.3
Copyright (C) 2009 Free Software Foundation, Inc.
This is free software; see the source for copying conditions.  There is NO
warranty; not even for MERCHANTABILITY or FITNESS FOR A PARTICULAR PURPOSE.

configure:3513: $? = 0
configure:3502: gcc -v >&5
Using built-in specs.
Target: x86_64-linux-gnu
Configured with: ../src/configure -v --with-pkgversion='Ubuntu 4.4.3-4ubuntu5.1' --with-bugurl=file:///usr/share/doc/gcc-4.4/README.Bugs --enable-languages=c,c++,fortran,objc,obj-c++ --prefix=/usr --enable-shared --enable-multiarch --enable-linker-build-id --with-system-zlib --libexecdir=/usr/lib --without-included-gettext --enable-threads=posix --with-gxx-include-dir=/usr/include/c++/4.4 --program-suffix=-4.4 --enable-nls --enable-clocale=gnu --enable-libstdcxx-debug --enable-plugin --enable-objc-gc --disable-werror --with-arch-32=i486 --with-tune=generic --enable-checking=release --build=x86_64-linux-gnu --host=x86_64-linux-gnu --target=x86_64-linux-gnu
Thread model: posix
gcc version 4.4.3 (Ubuntu 4.4.3-4ubuntu5.1) 
configure:3513: $? = 0
configure:3502: gcc -V >&5
gcc: '-V' option must have argument
configure:3513: $? = 1
configure:3502: gcc -qversion >&5
gcc: unrecognized option '-qversion'
gcc: no input files
configure:3513: $? = 1
configure:3533: checking whether the C compiler works
configure:3555: gcc    conftest.c  >&5
configure:3559: $? = 0
configure:3608: result: yes
configure:3611: checking for C compiler default output file name
configure:3613: result: a.out
configure:3619: checking for suffix of executables
configure:3626: gcc -o conftest    conftest.c  >&5
configure:3630: $? = 0
configure:3652: result: 
configure:3674: checking whether we are cross compiling
configure:3682: gcc -o conftest    conftest.c  >&5
configure:3686: $? = 0
configure:3693: ./conftest
configure:3697: $? = 0
configure:3712: result: no
configure:3717: checking for suffix of object files
configure:3739: gcc -c   conftest.c >&5
configure:3743: $? = 0
configure:3764: result: o
configure:3768: checking whether we are using the GNU C compiler
configure:3787: gcc -c   conftest.c >&5
configure:3787: $? = 0
configure:3796: result: yes
configure:3805: checking whether gcc accepts -g
configure:3825: gcc -c -g  conftest.c >&5
configure:3825: $? = 0
configure:3866: result: yes
configure:3883: checking for gcc option to accept ISO C89
configure:3947: gcc  -c -g -O2  conftest.c >&5
configure:3947: $? = 0
configure:3960: result: none needed
configure:3982: checking dependency style of gcc
configure:4092: result: gcc3
configure:4116: checking dependency style of gcc
configure:4224: result: gcc3
configure:4297: checking for g++
configure:4313: found /usr/bin/g++
configure:4324: result: g++
configure:4351: checking for C++ compiler version
configure:4360: g++ --version >&5
g++ (Ubuntu 4.4.3-4ubuntu5.1) 4.4.3
Copyright (C) 2009 Free Software Foundation, Inc.
This is free software; see the source for copying conditions.  There is NO
warranty; not even for MERCHANTABILITY or FITNESS FOR A PARTICULAR PURPOSE.

configure:4371: $? = 0
configure:4360: g++ -v >&5
Using built-in specs.
Target: x86_64-linux-gnu
Configured with: ../src/configure -v --with-pkgversion='Ubuntu 4.4.3-4ubuntu5.1' --with-bugurl=file:///usr/share/doc/gcc-4.4/README.Bugs --enable-languages=c,c++,fortran,objc,obj-c++ --prefix=/usr --enable-shared --enable-multiarch --enable-linker-build-id --with-system-zlib --libexecdir=/usr/lib --without-included-gettext --enable-threads=posix --with-gxx-include-dir=/usr/include/c++/4.4 --program-suffix=-4.4 --enable-nls --enable-clocale=gnu --enable-libstdcxx-debug --enable-plugin --enable-objc-gc --disable-werror --with-arch-32=i486 --with-tune=generic --enable-checking=release --build=x86_64-linux-gnu --host=x86_64-linux-gnu --target=x86_64-linux-gnu
Thread model: posix
gcc version 4.4.3 (Ubuntu 4.4.3-4ubuntu5.1) 
configure:4371: $? = 0
configure:4360: g++ -V >&5
g++: '-V' option must have argument
configure:4371: $? = 1
configure:4360: g++ -qversion >&5
g++: unrecognized option '-qversion'
g++: no input files
configure:4371: $? = 1
configure:4375: checking whether we are using the GNU C++ compiler
configure:4394: g++ -c   conftest.cpp >&5
configure:4394: $? = 0
configure:4403: result: yes
configure:4412: checking whether g++ accepts -g
configure:4432: g++ -c -g  conftest.cpp >&5
configure:4432: $? = 0
configure:4473: result: yes
configure:4498: checking dependency style of g++
configure:4608: result: gcc3
configure:4623: checking whether ln -s works
configure:4627: result: yes
configure:4634: checking whether make sets $(MAKE)
configure:4656: result: yes
configure:4668: checking for rm
configure:4686: found /bin/rm
configure:4698: result: /bin/rm
configure:5095: checking for a sed that does not truncate output
configure:5159: result: /bin/sed
configure:5177: checking for grep that handles long lines and -e
configure:5235: result: /bin/grep
configure:5240: checking for egrep
configure:5302: result: /bin/grep -E
configure:5307: checking for fgrep
configure:5369: result: /bin/grep -F
configure:5404: checking for ld used by gcc
configure:5471: result: /usr/bin/ld
configure:5478: checking if the linker (/usr/bin/ld) is GNU ld
configure:5493: result: yes
configure:5505: checking for BSD- or MS-compatible name lister (nm)
configure:5554: result: /usr/bin/nm -B
configure:5672: checking the name lister (/usr/bin/nm -B) interface
configure:5679: gcc -c -g -O2  conftest.c >&5
configure:5682: /usr/bin/nm -B "conftest.o"
configure:5685: output
0000000000000000 B some_variable
configure:5692: result: BSD nm
configure:5696: checking the maximum length of command line arguments
configure:5816: result: 1572864
configure:5833: checking whether the shell understands some XSI constructs
configure:5843: result: yes
configure:5847: checking whether the shell understands "+="
configure:5853: result: yes
configure:5888: checking for /usr/bin/ld option to reload object files
configure:5895: result: -r
configure:5964: checking for objdump
configure:5991: result: objdump
configure:6020: checking how to recognize dependent libraries
configure:6216: result: pass_all
configure:6276: checking for ar
configure:6292: found /usr/bin/ar
configure:6303: result: ar
configure:6381: checking for strip
configure:6397: found /usr/bin/strip
configure:6408: result: strip
configure:6480: checking for ranlib
configure:6496: found /usr/bin/ranlib
configure:6507: result: ranlib
configure:6597: checking command to parse /usr/bin/nm -B output from gcc object
configure:6715: gcc -c -g -O2  conftest.c >&5
configure:6718: $? = 0
configure:6722: /usr/bin/nm -B conftest.o \| sed -n -e 's/^.*[	 ]\([ABCDGIRSTW][ABCDGIRSTW]*\)[	 ][	 ]*\([_A-Za-z][_A-Za-z0-9]*\)$/\1 \2 \2/p' \> conftest.nm
configure:6725: $? = 0
configure:6779: gcc -o conftest -g -O2   conftest.c conftstm.o >&5
configure:6782: $? = 0
configure:6820: result: ok
configure:6916: gcc -c -g -O2  conftest.c >&5
configure:6919: $? = 0
configure:7629: checking how to run the C preprocessor
configure:7660: gcc -E  conftest.c
configure:7660: $? = 0
configure:7674: gcc -E  conftest.c
conftest.c:11:28: error: ac_nonexistent.h: No such file or directory
configure:7674: $? = 1
configure: failed program was:
| /* confdefs.h */
| #define PACKAGE_NAME "smqueue"
| #define PACKAGE_TARNAME "smqueue"
| #define PACKAGE_VERSION "TRUNK"
| #define PACKAGE_STRING "smqueue TRUNK"
| #define PACKAGE_BUGREPORT ""
| #define PACKAGE_URL ""
| #define PACKAGE "smqueue"
| #define VERSION "TRUNK"
| /* end confdefs.h.  */
| #include <ac_nonexistent.h>
configure:7699: result: gcc -E
configure:7719: gcc -E  conftest.c
configure:7719: $? = 0
configure:7733: gcc -E  conftest.c
conftest.c:11:28: error: ac_nonexistent.h: No such file or directory
configure:7733: $? = 1
configure: failed program was:
| /* confdefs.h */
| #define PACKAGE_NAME "smqueue"
| #define PACKAGE_TARNAME "smqueue"
| #define PACKAGE_VERSION "TRUNK"
| #define PACKAGE_STRING "smqueue TRUNK"
| #define PACKAGE_BUGREPORT ""
| #define PACKAGE_URL ""
| #define PACKAGE "smqueue"
| #define VERSION "TRUNK"
| /* end confdefs.h.  */
| #include <ac_nonexistent.h>
configure:7762: checking for ANSI C header files
configure:7782: gcc -c -g -O2  conftest.c >&5
configure:7782: $? = 0
configure:7855: gcc -o conftest -g -O2   conftest.c  >&5
configure:7855: $? = 0
configure:7855: ./conftest
configure:7855: $? = 0
configure:7866: result: yes
configure:7879: checking for sys/types.h
configure:7879: gcc -c -g -O2  conftest.c >&5
configure:7879: $? = 0
configure:7879: result: yes
configure:7879: checking for sys/stat.h
configure:7879: gcc -c -g -O2  conftest.c >&5
configure:7879: $? = 0
configure:7879: result: yes
configure:7879: checking for stdlib.h
configure:7879: gcc -c -g -O2  conftest.c >&5
configure:7879: $? = 0
configure:7879: result: yes
configure:7879: checking for string.h
configure:7879: gcc -c -g -O2  conftest.c >&5
configure:7879: $? = 0
configure:7879: result: yes
configure:7879: checking for memory.h
configure:7879: gcc -c -g -O2  conftest.c >&5
configure:7879: $? = 0
configure:7879: result: yes
configure:7879: checking for strings.h
configure:7879: gcc -c -g -O2  conftest.c >&5
configure:7879: $? = 0
configure:7879: result: yes
configure:7879: checking for inttypes.h
configure:7879: gcc -c -g -O2  conftest.c >&5
configure:7879: $? = 0
configure:7879: result: yes
configure:7879: checking for stdint.h
configure:7879: gcc -c -g -O2  conftest.c >&5
configure:7879: $? = 0
configure:7879: result: yes
configure:7879: checking for unistd.h
configure:7879: gcc -c -g -O2  conftest.c >&5
configure:7879: $? = 0
configure:7879: result: yes
configure:7894: checking for dlfcn.h
configure:7894: gcc -c -g -O2  conftest.c >&5
configure:7894: $? = 0
configure:7894: result: yes
configure:8019: checking for C++ compiler version
configure:8028: g++ --version >&5
g++ (Ubuntu 4.4.3-4ubuntu5.1) 4.4.3
Copyright (C) 2009 Free Software Foundation, Inc.
This is free software; see the source for copying conditions.  There is NO
warranty; not even for MERCHANTABILITY or FITNESS FOR A PARTICULAR PURPOSE.

configure:8039: $? = 0
configure:8028: g++ -v >&5
Using built-in specs.
Target: x86_64-linux-gnu
Configured with: ../src/configure -v --with-pkgversion='Ubuntu 4.4.3-4ubuntu5.1' --with-bugurl=file:///usr/share/doc/gcc-4.4/README.Bugs --enable-languages=c,c++,fortran,objc,obj-c++ --prefix=/usr --enable-shared --enable-multiarch --enable-linker-build-id --with-system-zlib --libexecdir=/usr/lib --without-included-gettext --enable-threads=posix --with-gxx-include-dir=/usr/include/c++/4.4 --program-suffix=-4.4 --enable-nls --enable-clocale=gnu --enable-libstdcxx-debug --enable-plugin --enable-objc-gc --disable-werror --with-arch-32=i486 --with-tune=generic --enable-checking=release --build=x86_64-linux-gnu --host=x86_64-linux-gnu --target=x86_64-linux-gnu
Thread model: posix
gcc version 4.4.3 (Ubuntu 4.4.3-4ubuntu5.1) 
configure:8039: $? = 0
configure:8028: g++ -V >&5
g++: '-V' option must have argument
configure:8039: $? = 1
configure:8028: g++ -qversion >&5
g++: unrecognized option '-qversion'
g++: no input files
configure:8039: $? = 1
configure:8043: checking whether we are using the GNU C++ compiler
configure:8071: result: yes
configure:8080: checking whether g++ accepts -g
configure:8141: result: yes
configure:8166: checking dependency style of g++
configure:8276: result: gcc3
configure:8299: checking how to run the C++ preprocessor
configure:8326: g++ -E  conftest.cpp
configure:8326: $? = 0
configure:8340: g++ -E  conftest.cpp
conftest.cpp:22:28: error: ac_nonexistent.h: No such file or directory
configure:8340: $? = 1
configure: failed program was:
| /* confdefs.h */
| #define PACKAGE_NAME "smqueue"
| #define PACKAGE_TARNAME "smqueue"
| #define PACKAGE_VERSION "TRUNK"
| #define PACKAGE_STRING "smqueue TRUNK"
| #define PACKAGE_BUGREPORT ""
| #define PACKAGE_URL ""
| #define PACKAGE "smqueue"
| #define VERSION "TRUNK"
| #define STDC_HEADERS 1
| #define HAVE_SYS_TYPES_H 1
| #define HAVE_SYS_STAT_H 1
| #define HAVE_STDLIB_H 1
| #define HAVE_STRING_H 1
| #define HAVE_MEMORY_H 1
| #define HAVE_STRINGS_H 1
| #define HAVE_INTTYPES_H 1
| #define HAVE_STDINT_H 1
| #define HAVE_UNISTD_H 1
| #define HAVE_DLFCN_H 1
| /* end confdefs.h.  */
| #include <ac_nonexistent.h>
configure:8365: result: g++ -E
configure:8385: g++ -E  conftest.cpp
configure:8385: $? = 0
configure:8399: g++ -E  conftest.cpp
conftest.cpp:22:28: error: ac_nonexistent.h: No such file or directory
configure:8399: $? = 1
configure: failed program was:
| /* confdefs.h */
| #define PACKAGE_NAME "smqueue"
| #define PACKAGE_TARNAME "smqueue"
| #define PACKAGE_VERSION "TRUNK"
| #define PACKAGE_STRING "smqueue TRUNK"
| #define PACKAGE_BUGREPORT ""
| #define PACKAGE_URL ""
| #define PACKAGE "smqueue"
| #define VERSION "TRUNK"
| #define STDC_HEADERS 1
| #define HAVE_SYS_TYPES_H 1
| #define HAVE_SYS_STAT_H 1
| #define HAVE_STDLIB_H 1
| #define HAVE_STRING_H 1
| #define HAVE_MEMORY_H 1
| #define HAVE_STRINGS_H 1
| #define HAVE_INTTYPES_H 1
| #define HAVE_STDINT_H 1
| #define HAVE_UNISTD_H 1
| #define HAVE_DLFCN_H 1
| /* end confdefs.h.  */
| #include <ac_nonexistent.h>
configure:8543: checking for objdir
configure:8558: result: .libs
configure:8850: checking if gcc supports -fno-rtti -fno-exceptions
configure:8868: gcc -c -g -O2  -fno-rtti -fno-exceptions conftest.c >&5
cc1: warning: command line option "-fno-rtti" is valid for C++/ObjC++ but not for C
configure:8872: $? = 0
configure:8885: result: no
configure:8905: checking for gcc option to produce PIC
configure:9177: result: -fPIC -DPIC
configure:9189: checking if gcc PIC flag -fPIC -DPIC works
configure:9207: gcc -c -g -O2  -fPIC -DPIC -DPIC conftest.c >&5
configure:9211: $? = 0
configure:9224: result: yes
configure:9248: checking if gcc static flag -static works
configure:9276: result: yes
configure:9291: checking if gcc supports -c -o file.o
configure:9312: gcc -c -g -O2  -o out/conftest2.o conftest.c >&5
configure:9316: $? = 0
configure:9338: result: yes
configure:9346: checking if gcc supports -c -o file.o
configure:9393: result: yes
configure:9426: checking whether the gcc linker (/usr/bin/ld -m elf_x86_64) supports shared libraries
configure:10417: result: yes
configure:10454: checking whether -lc should be explicitly linked in
configure:10459: gcc -c -g -O2  conftest.c >&5
configure:10462: $? = 0
configure:10477: gcc -shared conftest.o  -v -Wl,-soname -Wl,conftest -o conftest 2\>\&1 \| /bin/grep  -lc  \>/dev/null 2\>\&1
configure:10480: $? = 0
configure:10492: result: no
configure:10656: checking dynamic linker characteristics
configure:11089: gcc -o conftest -g -O2   -Wl,-rpath -Wl,/foo conftest.c  >&5
configure:11089: $? = 0
configure:11319: result: GNU/Linux ld.so
configure:11421: checking how to hardcode library paths into programs
configure:11446: result: immediate
configure:11966: checking whether stripping libraries is possible
configure:11971: result: yes
configure:12006: checking if libtool supports shared libraries
configure:12008: result: yes
configure:12011: checking whether to build shared libraries
configure:12032: result: yes
configure:12035: checking whether to build static libraries
configure:12039: result: no
configure:12189: checking for ld used by g++
configure:12256: result: /usr/bin/ld -m elf_x86_64
configure:12263: checking if the linker (/usr/bin/ld -m elf_x86_64) is GNU ld
configure:12278: result: yes
configure:12333: checking whether the g++ linker (/usr/bin/ld -m elf_x86_64) supports shared libraries
configure:13246: result: yes
configure:13274: g++ -c -g -O2  conftest.cpp >&5
configure:13277: $? = 0
configure:13459: checking for g++ option to produce PIC
configure:13776: result: -fPIC -DPIC
configure:13785: checking if g++ PIC flag -fPIC -DPIC works
configure:13803: g++ -c -g -O2  -fPIC -DPIC -DPIC conftest.cpp >&5
configure:13807: $? = 0
configure:13820: result: yes
configure:13841: checking if g++ static flag -static works
configure:13869: result: yes
configure:13881: checking if g++ supports -c -o file.o
configure:13902: g++ -c -g -O2  -o out/conftest2.o conftest.cpp >&5
configure:13906: $? = 0
configure:13928: result: yes
configure:13933: checking if g++ supports -c -o file.o
configure:13980: result: yes
configure:14010: checking whether the g++ linker (/usr/bin/ld -m elf_x86_64) supports shared libraries
configure:14039: result: yes
configure:14176: checking dynamic linker characteristics
configure:14557: g++ -o conftest -g -O2   -Wl,-rpath -Wl,/foo conftest.cpp  >&5
configure:14557: $? = 0
configure:14787: result: GNU/Linux ld.so
configure:14838: checking how to hardcode library paths into programs
configure:14863: result: immediate
configure:14922: checking for ANSI C header files
configure:15026: result: yes
configure:15036: checking byteswap.h usability
configure:15036: gcc -c -g -O2  conftest.c >&5
configure:15036: $? = 0
configure:15036: result: yes
configure:15036: checking byteswap.h presence
configure:15036: gcc -E  conftest.c
configure:15036: $? = 0
configure:15036: result: yes
configure:15036: checking for byteswap.h
configure:15036: result: yes
configure:15047: checking for an ANSI C-conforming const
configure:15112: gcc -c -g -O2  conftest.c >&5
configure:15112: $? = 0
configure:15119: result: yes
configure:15127: checking for inline
configure:15143: gcc -c -g -O2  conftest.c >&5
configure:15143: $? = 0
configure:15151: result: inline
configure:15169: checking for size_t
configure:15169: gcc -c -g -O2  conftest.c >&5
configure:15169: $? = 0
configure:15169: gcc -c -g -O2  conftest.c >&5
conftest.c: In function 'main':
conftest.c:61: error: expected expression before ')' token
configure:15169: $? = 1
configure: failed program was:
| /* confdefs.h */
| #define PACKAGE_NAME "smqueue"
| #define PACKAGE_TARNAME "smqueue"
| #define PACKAGE_VERSION "TRUNK"
| #define PACKAGE_STRING "smqueue TRUNK"
| #define PACKAGE_BUGREPORT ""
| #define PACKAGE_URL ""
| #define PACKAGE "smqueue"
| #define VERSION "TRUNK"
| #define STDC_HEADERS 1
| #define HAVE_SYS_TYPES_H 1
| #define HAVE_SYS_STAT_H 1
| #define HAVE_STDLIB_H 1
| #define HAVE_STRING_H 1
| #define HAVE_MEMORY_H 1
| #define HAVE_STRINGS_H 1
| #define HAVE_INTTYPES_H 1
| #define HAVE_STDINT_H 1
| #define HAVE_UNISTD_H 1
| #define HAVE_DLFCN_H 1
| #define LT_OBJDIR ".libs/"
| #define STDC_HEADERS 1
| #define HAVE_BYTESWAP_H 1
| /* end confdefs.h.  */
| #include <stdio.h>
| #ifdef HAVE_SYS_TYPES_H
| # include <sys/types.h>
| #endif
| #ifdef HAVE_SYS_STAT_H
| # include <sys/stat.h>
| #endif
| #ifdef STDC_HEADERS
| # include <stdlib.h>
| # include <stddef.h>
| #else
| # ifdef HAVE_STDLIB_H
| #  include <stdlib.h>
| # endif
| #endif
| #ifdef HAVE_STRING_H
| # if !defined STDC_HEADERS && defined HAVE_MEMORY_H
| #  include <memory.h>
| # endif
| # include <string.h>
| #endif
| #ifdef HAVE_STRINGS_H
| # include <strings.h>
| #endif
| #ifdef HAVE_INTTYPES_H
| # include <inttypes.h>
| #endif
| #ifdef HAVE_STDINT_H
| # include <stdint.h>
| #endif
| #ifdef HAVE_UNISTD_H
| # include <unistd.h>
| #endif
| int
| main ()
| {
| if (sizeof ((size_t)))
| 	    return 0;
|   ;
|   return 0;
| }
configure:15169: result: yes
configure:15180: checking whether time.h and sys/time.h may both be included
configure:15200: gcc -c -g -O2  conftest.c >&5
configure:15200: $? = 0
configure:15207: result: yes
configure:15215: checking whether byte ordering is bigendian
configure:15230: gcc -c -g -O2  conftest.c >&5
conftest.c:27: error: expected '=', ',', ';', 'asm' or '__attribute__' before 'a'
configure:15230: $? = 1
configure: failed program was:
| /* confdefs.h */
| #define PACKAGE_NAME "smqueue"
| #define PACKAGE_TARNAME "smqueue"
| #define PACKAGE_VERSION "TRUNK"
| #define PACKAGE_STRING "smqueue TRUNK"
| #define PACKAGE_BUGREPORT ""
| #define PACKAGE_URL ""
| #define PACKAGE "smqueue"
| #define VERSION "TRUNK"
| #define STDC_HEADERS 1
| #define HAVE_SYS_TYPES_H 1
| #define HAVE_SYS_STAT_H 1
| #define HAVE_STDLIB_H 1
| #define HAVE_STRING_H 1
| #define HAVE_MEMORY_H 1
| #define HAVE_STRINGS_H 1
| #define HAVE_INTTYPES_H 1
| #define HAVE_STDINT_H 1
| #define HAVE_UNISTD_H 1
| #define HAVE_DLFCN_H 1
| #define LT_OBJDIR ".libs/"
| #define STDC_HEADERS 1
| #define HAVE_BYTESWAP_H 1
| #define TIME_WITH_SYS_TIME 1
| /* end confdefs.h.  */
| #ifndef __APPLE_CC__
| 	       not a universal capable compiler
| 	     #endif
| 	     typedef int dummy;
| 
configure:15275: gcc -c -g -O2  conftest.c >&5
configure:15275: $? = 0
configure:15293: gcc -c -g -O2  conftest.c >&5
conftest.c: In function 'main':
conftest.c:33: error: 'not' undeclared (first use in this function)
conftest.c:33: error: (Each undeclared identifier is reported only once
conftest.c:33: error: for each function it appears in.)
conftest.c:33: error: expected ';' before 'big'
configure:15293: $? = 1
configure: failed program was:
| /* confdefs.h */
| #define PACKAGE_NAME "smqueue"
| #define PACKAGE_TARNAME "smqueue"
| #define PACKAGE_VERSION "TRUNK"
| #define PACKAGE_STRING "smqueue TRUNK"
| #define PACKAGE_BUGREPORT ""
| #define PACKAGE_URL ""
| #define PACKAGE "smqueue"
| #define VERSION "TRUNK"
| #define STDC_HEADERS 1
| #define HAVE_SYS_TYPES_H 1
| #define HAVE_SYS_STAT_H 1
| #define HAVE_STDLIB_H 1
| #define HAVE_STRING_H 1
| #define HAVE_MEMORY_H 1
| #define HAVE_STRINGS_H 1
| #define HAVE_INTTYPES_H 1
| #define HAVE_STDINT_H 1
| #define HAVE_UNISTD_H 1
| #define HAVE_DLFCN_H 1
| #define LT_OBJDIR ".libs/"
| #define STDC_HEADERS 1
| #define HAVE_BYTESWAP_H 1
| #define TIME_WITH_SYS_TIME 1
| /* end confdefs.h.  */
| #include <sys/types.h>
| 		#include <sys/param.h>
| 
| int
| main ()
| {
| #if BYTE_ORDER != BIG_ENDIAN
| 		 not big endian
| 		#endif
| 
|   ;
|   return 0;
| }
configure:15421: result: no
configure:15491: checking for pkg-config
configure:15509: found /usr/bin/pkg-config
configure:15521: result: /usr/bin/pkg-config
configure:15546: checking pkg-config is at least version 0.9.0
configure:15549: result: yes
configure:15560: checking for OSIP
configure:15568: $PKG_CONFIG --exists --print-errors "libosip2"
configure:15571: $? = 0
configure:15586: $PKG_CONFIG --exists --print-errors "libosip2"
configure:15589: $? = 0
configure:15644: result: yes
configure:15650: checking for gethostbyname_r
configure:15650: gcc -o conftest -g -O2   conftest.c  >&5
configure:15650: $? = 0
configure:15650: result: yes
configure:15657: checking for gethostbyname2_r
configure:15657: gcc -o conftest -g -O2   conftest.c  >&5
configure:15657: $? = 0
configure:15657: result: yes
configure:15799: creating ./config.status

## ---------------------- ##
## Running config.status. ##
## ---------------------- ##

This file was extended by smqueue config.status TRUNK, which was
generated by GNU Autoconf 2.65.  Invocation command line was

  CONFIG_FILES    = 
  CONFIG_HEADERS  = 
  CONFIG_LINKS    = 
  CONFIG_COMMANDS = 
  $ ./config.status 

on gabriel-laptop

config.status:1157: creating Makefile
config.status:1157: creating config/Makefile
config.status:1157: creating doc/Makefile
config.status:1157: creating tools/Makefile
config.status:1157: creating CommonLibs/Makefile
config.status:1157: creating Globals/Makefile
config.status:1157: creating GSM/Makefile
config.status:1157: creating SMS/Makefile
config.status:1157: creating SR/Makefile
config.status:1157: creating sqlite3/Makefile
config.status:1157: creating smqueue/Makefile
config.status:1157: creating testing/Makefile
config.status:1157: creating config.h
config.status:1377: executing depfiles commands
config.status:1377: executing libtool commands

## ---------------- ##
## Cache variables. ##
## ---------------- ##

ac_cv_build=x86_64-unknown-linux-gnu
ac_cv_c_bigendian=no
ac_cv_c_compiler_gnu=yes
ac_cv_c_const=yes
ac_cv_c_inline=inline
ac_cv_cxx_compiler_gnu=yes
ac_cv_env_CCASFLAGS_set=
ac_cv_env_CCASFLAGS_value=
ac_cv_env_CCAS_set=
ac_cv_env_CCAS_value=
ac_cv_env_CCC_set=
ac_cv_env_CCC_value=
ac_cv_env_CC_set=
ac_cv_env_CC_value=
ac_cv_env_CFLAGS_set=
ac_cv_env_CFLAGS_value=
ac_cv_env_CPPFLAGS_set=
ac_cv_env_CPPFLAGS_value=
ac_cv_env_CPP_set=
ac_cv_env_CPP_value=
ac_cv_env_CXXCPP_set=
ac_cv_env_CXXCPP_value=
ac_cv_env_CXXFLAGS_set=
ac_cv_env_CXXFLAGS_value=
ac_cv_env_CXX_set=
ac_cv_env_CXX_value=
ac_cv_env_LDFLAGS_set=
ac_cv_env_LDFLAGS_value=
ac_cv_env_LIBS_set=
ac_cv_env_LIBS_value=
ac_cv_env_OSIP_CFLAGS_set=
ac_cv_env_OSIP_CFLAGS_value=
ac_cv_env_OSIP_LIBS_set=
ac_cv_env_OSIP_LIBS_value=
ac_cv_env_PKG_CONFIG_set=
ac_cv_env_PKG_CONFIG_value=
ac_cv_env_build_alias_set=
ac_cv_env_build_alias_value=
ac_cv_env_host_alias_set=
ac_cv_env_host_alias_value=
ac_cv_env_target_alias_set=
ac_cv_env_target_alias_value=
ac_cv_func_gethostbyname2_r=yes
ac_cv_func_gethostbyname_r=yes
ac_cv_header_byteswap_h=yes
ac_cv_header_dlfcn_h=yes
ac_cv_header_inttypes_h=yes
ac_cv_header_memory_h=yes
ac_cv_header_stdc=yes
ac_cv_header_stdint_h=yes
ac_cv_header_stdlib_h=yes
ac_cv_header_string_h=yes
ac_cv_header_strings_h=yes
ac_cv_header_sys_stat_h=yes
ac_cv_header_sys_types_h=yes
ac_cv_header_time=yes
ac_cv_header_unistd_h=yes
ac_cv_host=x86_64-unknown-linux-gnu
ac_cv_objext=o
ac_cv_path_EGREP='/bin/grep -E'
ac_cv_path_FGREP='/bin/grep -F'
ac_cv_path_GREP=/bin/grep
ac_cv_path_RM_PROG=/bin/rm
ac_cv_path_SED=/bin/sed
ac_cv_path_ac_pt_PKG_CONFIG=/usr/bin/pkg-config
ac_cv_path_install='/usr/bin/install -c'
ac_cv_path_mkdir=/bin/mkdir
ac_cv_prog_AWK=gawk
ac_cv_prog_CPP='gcc -E'
ac_cv_prog_CXXCPP='g++ -E'
ac_cv_prog_ac_ct_AR=ar
ac_cv_prog_ac_ct_CC=gcc
ac_cv_prog_ac_ct_CXX=g++
ac_cv_prog_ac_ct_OBJDUMP=objdump
ac_cv_prog_ac_ct_RANLIB=ranlib
ac_cv_prog_ac_ct_STRIP=strip
ac_cv_prog_cc_c89=
ac_cv_prog_cc_g=yes
ac_cv_prog_cxx_g=yes
ac_cv_prog_make_make_set=yes
ac_cv_target=x86_64-unknown-linux-gnu
ac_cv_type_size_t=yes
am_cv_CCAS_dependencies_compiler_type=gcc3
am_cv_CC_dependencies_compiler_type=gcc3
am_cv_CXX_dependencies_compiler_type=gcc3
lt_cv_deplibs_check_method=pass_all
lt_cv_file_magic_cmd='$MAGIC_CMD'
lt_cv_file_magic_test_file=
lt_cv_ld_reload_flag=-r
lt_cv_nm_interface='BSD nm'
lt_cv_objdir=.libs
lt_cv_path_LD=/usr/bin/ld
lt_cv_path_LDCXX='/usr/bin/ld -m elf_x86_64'
lt_cv_path_NM='/usr/bin/nm -B'
lt_cv_prog_compiler_c_o=yes
lt_cv_prog_compiler_c_o_CXX=yes
lt_cv_prog_compiler_pic_works=yes
lt_cv_prog_compiler_pic_works_CXX=yes
lt_cv_prog_compiler_rtti_exceptions=no
lt_cv_prog_compiler_static_works=yes
lt_cv_prog_compiler_static_works_CXX=yes
lt_cv_prog_gnu_ld=yes
lt_cv_prog_gnu_ldcxx=yes
lt_cv_sys_global_symbol_pipe='sed -n -e '\''s/^.*[	 ]\([ABCDGIRSTW][ABCDGIRSTW]*\)[	 ][	 ]*\([_A-Za-z][_A-Za-z0-9]*\)$/\1 \2 \2/p'\'''
lt_cv_sys_global_symbol_to_c_name_address='sed -n -e '\''s/^: \([^ ]*\) $/  {\"\1\", (void *) 0},/p'\'' -e '\''s/^[ABCDGIRSTW]* \([^ ]*\) \([^ ]*\)$/  {"\2", (void *) \&\2},/p'\'''
lt_cv_sys_global_symbol_to_c_name_address_lib_prefix='sed -n -e '\''s/^: \([^ ]*\) $/  {\"\1\", (void *) 0},/p'\'' -e '\''s/^[ABCDGIRSTW]* \([^ ]*\) \(lib[^ ]*\)$/  {"\2", (void *) \&\2},/p'\'' -e '\''s/^[ABCDGIRSTW]* \([^ ]*\) \([^ ]*\)$/  {"lib\2", (void *) \&\2},/p'\'''
lt_cv_sys_global_symbol_to_cdecl='sed -n -e '\''s/^T .* \(.*\)$/extern int \1();/p'\'' -e '\''s/^[ABCDGIRSTW]* .* \(.*\)$/extern char \1;/p'\'''
lt_cv_sys_max_cmd_len=1572864
pkg_cv_OSIP_CFLAGS='-DOSIP_MT -DHAVE_PTHREAD  '
pkg_cv_OSIP_LIBS='-losipparser2 -losip2  '

## ----------------- ##
## Output variables. ##
## ----------------- ##

ACLOCAL='${SHELL} /home/gabriel/Escritorio/RSFM/rawOBTS/public/smqueue/trunk/missing --run aclocal-1.11'
AMDEPBACKSLASH='\'
AMDEP_FALSE='#'
AMDEP_TRUE=''
AMTAR='${SHELL} /home/gabriel/Escritorio/RSFM/rawOBTS/public/smqueue/trunk/missing --run tar'
AR='ar'
AS='as'
AUTOCONF='${SHELL} /home/gabriel/Escritorio/RSFM/rawOBTS/public/smqueue/trunk/missing --run autoconf'
AUTOHEADER='${SHELL} /home/gabriel/Escritorio/RSFM/rawOBTS/public/smqueue/trunk/missing --run autoheader'
AUTOMAKE='${SHELL} /home/gabriel/Escritorio/RSFM/rawOBTS/public/smqueue/trunk/missing --run automake-1.11'
AWK='gawk'
CC='gcc'
CCAS='gcc'
CCASDEPMODE='depmode=gcc3'
CCASFLAGS='-g -O2'
CCDEPMODE='depmode=gcc3'
CFLAGS='-g -O2'
CPP='gcc -E'
CPPFLAGS=''
CXX='g++'
CXXCPP='g++ -E'
CXXDEPMODE='depmode=gcc3'
CXXFLAGS='-g -O2'
CYGPATH_W='echo'
DEFS='-DHAVE_CONFIG_H'
DEPDIR='.deps'
DLLTOOL='dlltool'
DSYMUTIL=''
DUMPBIN=''
ECHO_C=''
ECHO_N='-n'
ECHO_T=''
EGREP='/bin/grep -E'
EXEEXT=''
FGREP='/bin/grep -F'
GREP='/bin/grep'
INSTALL_DATA='${INSTALL} -m 644'
INSTALL_PROGRAM='${INSTALL}'
INSTALL_SCRIPT='${INSTALL}'
INSTALL_STRIP_PROGRAM='$(install_sh) -c -s'
LD='/usr/bin/ld -m elf_x86_64'
LDFLAGS=''
LIBOBJS=''
LIBS=''
LIBTOOL='$(SHELL) $(top_builddir)/libtool'
LIPO=''
LN_S='ln -s'
LTLIBOBJS=''
MAKEINFO='${SHELL} /home/gabriel/Escritorio/RSFM/rawOBTS/public/smqueue/trunk/missing --run makeinfo'
MKDIR_P='/bin/mkdir -p'
NM='/usr/bin/nm -B'
NMEDIT=''
OBJDUMP='objdump'
OBJEXT='o'
OSIP_CFLAGS='-DOSIP_MT -DHAVE_PTHREAD  '
OSIP_LIBS='-losipparser2 -losip2  '
OTOOL64=''
OTOOL=''
PACKAGE='smqueue'
PACKAGE_BUGREPORT=''
PACKAGE_NAME='smqueue'
PACKAGE_STRING='smqueue TRUNK'
PACKAGE_TARNAME='smqueue'
PACKAGE_URL=''
PACKAGE_VERSION='TRUNK'
PATH_SEPARATOR=':'
PKG_CONFIG='/usr/bin/pkg-config'
RANLIB='ranlib'
RM_PROG='/bin/rm'
SED='/bin/sed'
SET_MAKE=''
SHELL='/bin/bash'
STRIP='strip'
VERSION='TRUNK'
ac_ct_CC='gcc'
ac_ct_CXX='g++'
ac_ct_DUMPBIN=''
am__EXEEXT_FALSE=''
am__EXEEXT_TRUE='#'
am__fastdepCCAS_FALSE='#'
am__fastdepCCAS_TRUE=''
am__fastdepCC_FALSE='#'
am__fastdepCC_TRUE=''
am__fastdepCXX_FALSE='#'
am__fastdepCXX_TRUE=''
am__include='include'
am__isrc=''
am__leading_dot='.'
am__quote=''
am__tar='${AMTAR} chof - "$$tardir"'
am__untar='${AMTAR} xf -'
bindir='${exec_prefix}/bin'
build='x86_64-unknown-linux-gnu'
build_alias=''
build_cpu='x86_64'
build_os='linux-gnu'
build_vendor='unknown'
datadir='${datarootdir}'
datarootdir='${prefix}/share'
docdir='${datarootdir}/doc/${PACKAGE_TARNAME}'
dvidir='${docdir}'
exec_prefix='${prefix}'
host='x86_64-unknown-linux-gnu'
host_alias=''
host_cpu='x86_64'
host_os='linux-gnu'
host_vendor='unknown'
htmldir='${docdir}'
includedir='${prefix}/include'
infodir='${datarootdir}/info'
install_sh='${SHELL} /home/gabriel/Escritorio/RSFM/rawOBTS/public/smqueue/trunk/install-sh'
libdir='${exec_prefix}/lib'
libexecdir='${exec_prefix}/libexec'
localedir='${datarootdir}/locale'
localstatedir='${prefix}/var'
lt_ECHO='echo'
mandir='${datarootdir}/man'
mkdir_p='/bin/mkdir -p'
oldincludedir='/usr/include'
pdfdir='${docdir}'
prefix='/usr/local'
program_transform_name='s,x,x,'
psdir='${docdir}'
sbindir='${exec_prefix}/sbin'
sharedstatedir='${prefix}/com'
sysconfdir='${prefix}/etc'
target='x86_64-unknown-linux-gnu'
target_alias=''
target_cpu='x86_64'
target_os='linux-gnu'
target_vendor='unknown'

## ----------- ##
## confdefs.h. ##
## ----------- ##

/* confdefs.h */
#define PACKAGE_NAME "smqueue"
#define PACKAGE_TARNAME "smqueue"
#define PACKAGE_VERSION "TRUNK"
#define PACKAGE_STRING "smqueue TRUNK"
#define PACKAGE_BUGREPORT ""
#define PACKAGE_URL ""
#define PACKAGE "smqueue"
#define VERSION "TRUNK"
#define STDC_HEADERS 1
#define HAVE_SYS_TYPES_H 1
#define HAVE_SYS_STAT_H 1
#define HAVE_STDLIB_H 1
#define HAVE_STRING_H 1
#define HAVE_MEMORY_H 1
#define HAVE_STRINGS_H 1
#define HAVE_INTTYPES_H 1
#define HAVE_STDINT_H 1
#define HAVE_UNISTD_H 1
#define HAVE_DLFCN_H 1
#define LT_OBJDIR ".libs/"
#define STDC_HEADERS 1
#define HAVE_BYTESWAP_H 1
#define TIME_WITH_SYS_TIME 1
#define HAVE_GETHOSTBYNAME_R 1
#define HAVE_GETHOSTBYNAME2_R 1

configure: exit 0
