This file contains any messages produced by compilers while
running configure, to aid debugging if configure makes a mistake.

It was created by openbts-public configure TRUNK, which was
generated by GNU Autoconf 2.65.  Invocation command line was

  $ ./configure --with-uhd

## --------- ##
## Platform. ##
## --------- ##

hostname = gabriel-laptop
uname -m = x86_64
uname -r = 2.6.32-45-generic
uname -s = Linux
uname -v = #104-Ubuntu SMP Tue Feb 19 21:20:09 UTC 2013

/usr/bin/uname -p = unknown
/bin/uname -X     = unknown

/bin/arch              = unknown
/usr/bin/arch -k       = unknown
/usr/convex/getsysinfo = unknown
/usr/bin/hostinfo      = unknown
/bin/machine           = unknown
/usr/bin/oslevel       = unknown
/bin/universe          = unknown

PATH: /home/gabriel/bin
PATH: /usr/lib/jvm/java-6-sun-1.6.0.30/bin
PATH: .
PATH: /usr/local/sbin
PATH: /usr/local/bin
PATH: /usr/sbin
PATH: /usr/bin
PATH: /sbin
PATH: /bin
PATH: /usr/games
PATH: /home/gabriel/rmm/bin
PATH: /home/gabriel/rmm/sbin
PATH: /usr/lib/jvm/java-6-sun-1.6.0.30/bin
PATH: /home/gabriel/tomcat7/webapps/axis2/WEB-INF/classes/jars
PATH: /home/gabriel/apache-maven-3.1.0/bin


## ----------- ##
## Core tests. ##
## ----------- ##

configure:2587: checking build system type
configure:2601: result: x86_64-unknown-linux-gnu
configure:2621: checking host system type
configure:2634: result: x86_64-unknown-linux-gnu
configure:2654: checking target system type
configure:2667: result: x86_64-unknown-linux-gnu
configure:2710: checking for a BSD-compatible install
configure:2778: result: /usr/bin/install -c
configure:2789: checking whether build environment is sane
configure:2839: result: yes
configure:2980: checking for a thread-safe mkdir -p
configure:3019: result: /bin/mkdir -p
configure:3032: checking for gawk
configure:3048: found /usr/bin/gawk
configure:3059: result: gawk
configure:3070: checking whether make sets $(MAKE)
configure:3092: result: yes
configure:3185: checking for style of include used by make
configure:3213: result: GNU
configure:3283: checking for gcc
configure:3299: found /usr/bin/gcc
configure:3310: result: gcc
configure:3539: checking for C compiler version
configure:3548: gcc --version >&5
gcc (Ubuntu 4.4.3-4ubuntu5.1) 4.4.3
Copyright (C) 2009 Free Software Foundation, Inc.
This is free software; see the source for copying conditions.  There is NO
warranty; not even for MERCHANTABILITY or FITNESS FOR A PARTICULAR PURPOSE.

configure:3559: $? = 0
configure:3548: gcc -v >&5
Using built-in specs.
Target: x86_64-linux-gnu
Configured with: ../src/configure -v --with-pkgversion='Ubuntu 4.4.3-4ubuntu5.1' --with-bugurl=file:///usr/share/doc/gcc-4.4/README.Bugs --enable-languages=c,c++,fortran,objc,obj-c++ --prefix=/usr --enable-shared --enable-multiarch --enable-linker-build-id --with-system-zlib --libexecdir=/usr/lib --without-included-gettext --enable-threads=posix --with-gxx-include-dir=/usr/include/c++/4.4 --program-suffix=-4.4 --enable-nls --enable-clocale=gnu --enable-libstdcxx-debug --enable-plugin --enable-objc-gc --disable-werror --with-arch-32=i486 --with-tune=generic --enable-checking=release --build=x86_64-linux-gnu --host=x86_64-linux-gnu --target=x86_64-linux-gnu
Thread model: posix
gcc version 4.4.3 (Ubuntu 4.4.3-4ubuntu5.1) 
configure:3559: $? = 0
configure:3548: gcc -V >&5
gcc: '-V' option must have argument
configure:3559: $? = 1
configure:3548: gcc -qversion >&5
gcc: unrecognized option '-qversion'
gcc: no input files
configure:3559: $? = 1
configure:3579: checking whether the C compiler works
configure:3601: gcc    conftest.c  >&5
configure:3605: $? = 0
configure:3654: result: yes
configure:3657: checking for C compiler default output file name
configure:3659: result: a.out
configure:3665: checking for suffix of executables
configure:3672: gcc -o conftest    conftest.c  >&5
configure:3676: $? = 0
configure:3698: result: 
configure:3720: checking whether we are cross compiling
configure:3728: gcc -o conftest    conftest.c  >&5
configure:3732: $? = 0
configure:3739: ./conftest
configure:3743: $? = 0
configure:3758: result: no
configure:3763: checking for suffix of object files
configure:3785: gcc -c   conftest.c >&5
configure:3789: $? = 0
configure:3810: result: o
configure:3814: checking whether we are using the GNU C compiler
configure:3833: gcc -c   conftest.c >&5
configure:3833: $? = 0
configure:3842: result: yes
configure:3851: checking whether gcc accepts -g
configure:3871: gcc -c -g  conftest.c >&5
configure:3871: $? = 0
configure:3912: result: yes
configure:3929: checking for gcc option to accept ISO C89
configure:3993: gcc  -c -g -O2  conftest.c >&5
configure:3993: $? = 0
configure:4006: result: none needed
configure:4028: checking dependency style of gcc
configure:4138: result: gcc3
configure:4162: checking dependency style of gcc
configure:4270: result: gcc3
configure:4343: checking for g++
configure:4359: found /usr/bin/g++
configure:4370: result: g++
configure:4397: checking for C++ compiler version
configure:4406: g++ --version >&5
g++ (Ubuntu 4.4.3-4ubuntu5.1) 4.4.3
Copyright (C) 2009 Free Software Foundation, Inc.
This is free software; see the source for copying conditions.  There is NO
warranty; not even for MERCHANTABILITY or FITNESS FOR A PARTICULAR PURPOSE.

configure:4417: $? = 0
configure:4406: g++ -v >&5
Using built-in specs.
Target: x86_64-linux-gnu
Configured with: ../src/configure -v --with-pkgversion='Ubuntu 4.4.3-4ubuntu5.1' --with-bugurl=file:///usr/share/doc/gcc-4.4/README.Bugs --enable-languages=c,c++,fortran,objc,obj-c++ --prefix=/usr --enable-shared --enable-multiarch --enable-linker-build-id --with-system-zlib --libexecdir=/usr/lib --without-included-gettext --enable-threads=posix --with-gxx-include-dir=/usr/include/c++/4.4 --program-suffix=-4.4 --enable-nls --enable-clocale=gnu --enable-libstdcxx-debug --enable-plugin --enable-objc-gc --disable-werror --with-arch-32=i486 --with-tune=generic --enable-checking=release --build=x86_64-linux-gnu --host=x86_64-linux-gnu --target=x86_64-linux-gnu
Thread model: posix
gcc version 4.4.3 (Ubuntu 4.4.3-4ubuntu5.1) 
configure:4417: $? = 0
configure:4406: g++ -V >&5
g++: '-V' option must have argument
configure:4417: $? = 1
configure:4406: g++ -qversion >&5
g++: unrecognized option '-qversion'
g++: no input files
configure:4417: $? = 1
configure:4421: checking whether we are using the GNU C++ compiler
configure:4440: g++ -c   conftest.cpp >&5
configure:4440: $? = 0
configure:4449: result: yes
configure:4458: checking whether g++ accepts -g
configure:4478: g++ -c -g  conftest.cpp >&5
configure:4478: $? = 0
configure:4519: result: yes
configure:4544: checking dependency style of g++
configure:4654: result: gcc3
configure:4669: checking whether ln -s works
configure:4673: result: yes
configure:4680: checking whether make sets $(MAKE)
configure:4702: result: yes
configure:4714: checking for rm
configure:4732: found /bin/rm
configure:4744: result: /bin/rm
configure:5141: checking for a sed that does not truncate output
configure:5205: result: /bin/sed
configure:5223: checking for grep that handles long lines and -e
configure:5281: result: /bin/grep
configure:5286: checking for egrep
configure:5348: result: /bin/grep -E
configure:5353: checking for fgrep
configure:5415: result: /bin/grep -F
configure:5450: checking for ld used by gcc
configure:5517: result: /usr/bin/ld
configure:5524: checking if the linker (/usr/bin/ld) is GNU ld
configure:5539: result: yes
configure:5551: checking for BSD- or MS-compatible name lister (nm)
configure:5600: result: /usr/bin/nm -B
configure:5718: checking the name lister (/usr/bin/nm -B) interface
configure:5725: gcc -c -g -O2  conftest.c >&5
configure:5728: /usr/bin/nm -B "conftest.o"
configure:5731: output
0000000000000000 B some_variable
configure:5738: result: BSD nm
configure:5742: checking the maximum length of command line arguments
configure:5862: result: 1572864
configure:5879: checking whether the shell understands some XSI constructs
configure:5889: result: yes
configure:5893: checking whether the shell understands "+="
configure:5899: result: yes
configure:5934: checking for /usr/bin/ld option to reload object files
configure:5941: result: -r
configure:6010: checking for objdump
configure:6037: result: objdump
configure:6066: checking how to recognize dependent libraries
configure:6262: result: pass_all
configure:6322: checking for ar
configure:6338: found /usr/bin/ar
configure:6349: result: ar
configure:6427: checking for strip
configure:6443: found /usr/bin/strip
configure:6454: result: strip
configure:6526: checking for ranlib
configure:6542: found /usr/bin/ranlib
configure:6553: result: ranlib
configure:6643: checking command to parse /usr/bin/nm -B output from gcc object
configure:6761: gcc -c -g -O2  conftest.c >&5
configure:6764: $? = 0
configure:6768: /usr/bin/nm -B conftest.o \| sed -n -e 's/^.*[	 ]\([ABCDGIRSTW][ABCDGIRSTW]*\)[	 ][	 ]*\([_A-Za-z][_A-Za-z0-9]*\)$/\1 \2 \2/p' \> conftest.nm
configure:6771: $? = 0
configure:6825: gcc -o conftest -g -O2   conftest.c conftstm.o >&5
configure:6828: $? = 0
configure:6866: result: ok
configure:6962: gcc -c -g -O2  conftest.c >&5
configure:6965: $? = 0
configure:7675: checking how to run the C preprocessor
configure:7706: gcc -E  conftest.c
configure:7706: $? = 0
configure:7720: gcc -E  conftest.c
conftest.c:11:28: error: ac_nonexistent.h: No such file or directory
configure:7720: $? = 1
configure: failed program was:
| /* confdefs.h */
| #define PACKAGE_NAME "openbts-public"
| #define PACKAGE_TARNAME "openbts-public"
| #define PACKAGE_VERSION "TRUNK"
| #define PACKAGE_STRING "openbts-public TRUNK"
| #define PACKAGE_BUGREPORT ""
| #define PACKAGE_URL ""
| #define PACKAGE "openbts-public"
| #define VERSION "TRUNK"
| /* end confdefs.h.  */
| #include <ac_nonexistent.h>
configure:7745: result: gcc -E
configure:7765: gcc -E  conftest.c
configure:7765: $? = 0
configure:7779: gcc -E  conftest.c
conftest.c:11:28: error: ac_nonexistent.h: No such file or directory
configure:7779: $? = 1
configure: failed program was:
| /* confdefs.h */
| #define PACKAGE_NAME "openbts-public"
| #define PACKAGE_TARNAME "openbts-public"
| #define PACKAGE_VERSION "TRUNK"
| #define PACKAGE_STRING "openbts-public TRUNK"
| #define PACKAGE_BUGREPORT ""
| #define PACKAGE_URL ""
| #define PACKAGE "openbts-public"
| #define VERSION "TRUNK"
| /* end confdefs.h.  */
| #include <ac_nonexistent.h>
configure:7808: checking for ANSI C header files
configure:7828: gcc -c -g -O2  conftest.c >&5
configure:7828: $? = 0
configure:7901: gcc -o conftest -g -O2   conftest.c  >&5
configure:7901: $? = 0
configure:7901: ./conftest
configure:7901: $? = 0
configure:7912: result: yes
configure:7925: checking for sys/types.h
configure:7925: gcc -c -g -O2  conftest.c >&5
configure:7925: $? = 0
configure:7925: result: yes
configure:7925: checking for sys/stat.h
configure:7925: gcc -c -g -O2  conftest.c >&5
configure:7925: $? = 0
configure:7925: result: yes
configure:7925: checking for stdlib.h
configure:7925: gcc -c -g -O2  conftest.c >&5
configure:7925: $? = 0
configure:7925: result: yes
configure:7925: checking for string.h
configure:7925: gcc -c -g -O2  conftest.c >&5
configure:7925: $? = 0
configure:7925: result: yes
configure:7925: checking for memory.h
configure:7925: gcc -c -g -O2  conftest.c >&5
configure:7925: $? = 0
configure:7925: result: yes
configure:7925: checking for strings.h
configure:7925: gcc -c -g -O2  conftest.c >&5
configure:7925: $? = 0
configure:7925: result: yes
configure:7925: checking for inttypes.h
configure:7925: gcc -c -g -O2  conftest.c >&5
configure:7925: $? = 0
configure:7925: result: yes
configure:7925: checking for stdint.h
configure:7925: gcc -c -g -O2  conftest.c >&5
configure:7925: $? = 0
configure:7925: result: yes
configure:7925: checking for unistd.h
configure:7925: gcc -c -g -O2  conftest.c >&5
configure:7925: $? = 0
configure:7925: result: yes
configure:7940: checking for dlfcn.h
configure:7940: gcc -c -g -O2  conftest.c >&5
configure:7940: $? = 0
configure:7940: result: yes
configure:8065: checking for C++ compiler version
configure:8074: g++ --version >&5
g++ (Ubuntu 4.4.3-4ubuntu5.1) 4.4.3
Copyright (C) 2009 Free Software Foundation, Inc.
This is free software; see the source for copying conditions.  There is NO
warranty; not even for MERCHANTABILITY or FITNESS FOR A PARTICULAR PURPOSE.

configure:8085: $? = 0
configure:8074: g++ -v >&5
Using built-in specs.
Target: x86_64-linux-gnu
Configured with: ../src/configure -v --with-pkgversion='Ubuntu 4.4.3-4ubuntu5.1' --with-bugurl=file:///usr/share/doc/gcc-4.4/README.Bugs --enable-languages=c,c++,fortran,objc,obj-c++ --prefix=/usr --enable-shared --enable-multiarch --enable-linker-build-id --with-system-zlib --libexecdir=/usr/lib --without-included-gettext --enable-threads=posix --with-gxx-include-dir=/usr/include/c++/4.4 --program-suffix=-4.4 --enable-nls --enable-clocale=gnu --enable-libstdcxx-debug --enable-plugin --enable-objc-gc --disable-werror --with-arch-32=i486 --with-tune=generic --enable-checking=release --build=x86_64-linux-gnu --host=x86_64-linux-gnu --target=x86_64-linux-gnu
Thread model: posix
gcc version 4.4.3 (Ubuntu 4.4.3-4ubuntu5.1) 
configure:8085: $? = 0
configure:8074: g++ -V >&5
g++: '-V' option must have argument
configure:8085: $? = 1
configure:8074: g++ -qversion >&5
g++: unrecognized option '-qversion'
g++: no input files
configure:8085: $? = 1
configure:8089: checking whether we are using the GNU C++ compiler
configure:8117: result: yes
configure:8126: checking whether g++ accepts -g
configure:8187: result: yes
configure:8212: checking dependency style of g++
configure:8322: result: gcc3
configure:8345: checking how to run the C++ preprocessor
configure:8372: g++ -E  conftest.cpp
configure:8372: $? = 0
configure:8386: g++ -E  conftest.cpp
conftest.cpp:22:28: error: ac_nonexistent.h: No such file or directory
configure:8386: $? = 1
configure: failed program was:
| /* confdefs.h */
| #define PACKAGE_NAME "openbts-public"
| #define PACKAGE_TARNAME "openbts-public"
| #define PACKAGE_VERSION "TRUNK"
| #define PACKAGE_STRING "openbts-public TRUNK"
| #define PACKAGE_BUGREPORT ""
| #define PACKAGE_URL ""
| #define PACKAGE "openbts-public"
| #define VERSION "TRUNK"
| #define STDC_HEADERS 1
| #define HAVE_SYS_TYPES_H 1
| #define HAVE_SYS_STAT_H 1
| #define HAVE_STDLIB_H 1
| #define HAVE_STRING_H 1
| #define HAVE_MEMORY_H 1
| #define HAVE_STRINGS_H 1
| #define HAVE_INTTYPES_H 1
| #define HAVE_STDINT_H 1
| #define HAVE_UNISTD_H 1
| #define HAVE_DLFCN_H 1
| /* end confdefs.h.  */
| #include <ac_nonexistent.h>
configure:8411: result: g++ -E
configure:8431: g++ -E  conftest.cpp
configure:8431: $? = 0
configure:8445: g++ -E  conftest.cpp
conftest.cpp:22:28: error: ac_nonexistent.h: No such file or directory
configure:8445: $? = 1
configure: failed program was:
| /* confdefs.h */
| #define PACKAGE_NAME "openbts-public"
| #define PACKAGE_TARNAME "openbts-public"
| #define PACKAGE_VERSION "TRUNK"
| #define PACKAGE_STRING "openbts-public TRUNK"
| #define PACKAGE_BUGREPORT ""
| #define PACKAGE_URL ""
| #define PACKAGE "openbts-public"
| #define VERSION "TRUNK"
| #define STDC_HEADERS 1
| #define HAVE_SYS_TYPES_H 1
| #define HAVE_SYS_STAT_H 1
| #define HAVE_STDLIB_H 1
| #define HAVE_STRING_H 1
| #define HAVE_MEMORY_H 1
| #define HAVE_STRINGS_H 1
| #define HAVE_INTTYPES_H 1
| #define HAVE_STDINT_H 1
| #define HAVE_UNISTD_H 1
| #define HAVE_DLFCN_H 1
| /* end confdefs.h.  */
| #include <ac_nonexistent.h>
configure:8589: checking for objdir
configure:8604: result: .libs
configure:8900: checking if gcc supports -fno-rtti -fno-exceptions
configure:8918: gcc -c -g -O2  -fno-rtti -fno-exceptions conftest.c >&5
cc1: warning: command line option "-fno-rtti" is valid for C++/ObjC++ but not for C
configure:8922: $? = 0
configure:8935: result: no
configure:8955: checking for gcc option to produce PIC
configure:9227: result: -fPIC -DPIC
configure:9239: checking if gcc PIC flag -fPIC -DPIC works
configure:9257: gcc -c -g -O2  -fPIC -DPIC -DPIC conftest.c >&5
configure:9261: $? = 0
configure:9274: result: yes
configure:9298: checking if gcc static flag -static works
configure:9326: result: yes
configure:9341: checking if gcc supports -c -o file.o
configure:9362: gcc -c -g -O2  -o out/conftest2.o conftest.c >&5
configure:9366: $? = 0
configure:9388: result: yes
configure:9396: checking if gcc supports -c -o file.o
configure:9443: result: yes
configure:9476: checking whether the gcc linker (/usr/bin/ld -m elf_x86_64) supports shared libraries
configure:10467: result: yes
configure:10504: checking whether -lc should be explicitly linked in
configure:10509: gcc -c -g -O2  conftest.c >&5
configure:10512: $? = 0
configure:10527: gcc -shared conftest.o  -v -Wl,-soname -Wl,conftest -o conftest 2\>\&1 \| /bin/grep  -lc  \>/dev/null 2\>\&1
configure:10530: $? = 0
configure:10542: result: no
configure:10706: checking dynamic linker characteristics
configure:11139: gcc -o conftest -g -O2   -Wl,-rpath -Wl,/foo conftest.c  >&5
configure:11139: $? = 0
configure:11369: result: GNU/Linux ld.so
configure:11471: checking how to hardcode library paths into programs
configure:11496: result: immediate
configure:12016: checking whether stripping libraries is possible
configure:12021: result: yes
configure:12056: checking if libtool supports shared libraries
configure:12058: result: yes
configure:12061: checking whether to build shared libraries
configure:12082: result: yes
configure:12085: checking whether to build static libraries
configure:12089: result: no
configure:12239: checking for ld used by g++
configure:12306: result: /usr/bin/ld -m elf_x86_64
configure:12313: checking if the linker (/usr/bin/ld -m elf_x86_64) is GNU ld
configure:12328: result: yes
configure:12383: checking whether the g++ linker (/usr/bin/ld -m elf_x86_64) supports shared libraries
configure:13296: result: yes
configure:13324: g++ -c -g -O2  conftest.cpp >&5
configure:13327: $? = 0
configure:13509: checking for g++ option to produce PIC
configure:13826: result: -fPIC -DPIC
configure:13835: checking if g++ PIC flag -fPIC -DPIC works
configure:13853: g++ -c -g -O2  -fPIC -DPIC -DPIC conftest.cpp >&5
configure:13857: $? = 0
configure:13870: result: yes
configure:13891: checking if g++ static flag -static works
configure:13919: result: yes
configure:13931: checking if g++ supports -c -o file.o
configure:13952: g++ -c -g -O2  -o out/conftest2.o conftest.cpp >&5
configure:13956: $? = 0
configure:13978: result: yes
configure:13983: checking if g++ supports -c -o file.o
configure:14030: result: yes
configure:14060: checking whether the g++ linker (/usr/bin/ld -m elf_x86_64) supports shared libraries
configure:14089: result: yes
configure:14226: checking dynamic linker characteristics
configure:14607: g++ -o conftest -g -O2   -Wl,-rpath -Wl,/foo conftest.cpp  >&5
configure:14607: $? = 0
configure:14837: result: GNU/Linux ld.so
configure:14888: checking how to hardcode library paths into programs
configure:14913: result: immediate
configure:14972: checking for ANSI C header files
configure:15076: result: yes
configure:15086: checking byteswap.h usability
configure:15086: gcc -c -g -O2  conftest.c >&5
configure:15086: $? = 0
configure:15086: result: yes
configure:15086: checking byteswap.h presence
configure:15086: gcc -E  conftest.c
configure:15086: $? = 0
configure:15086: result: yes
configure:15086: checking for byteswap.h
configure:15086: result: yes
configure:15097: checking for an ANSI C-conforming const
configure:15162: gcc -c -g -O2  conftest.c >&5
configure:15162: $? = 0
configure:15169: result: yes
configure:15177: checking for inline
configure:15193: gcc -c -g -O2  conftest.c >&5
configure:15193: $? = 0
configure:15201: result: inline
configure:15219: checking for size_t
configure:15219: gcc -c -g -O2  conftest.c >&5
configure:15219: $? = 0
configure:15219: gcc -c -g -O2  conftest.c >&5
conftest.c: In function 'main':
conftest.c:61: error: expected expression before ')' token
configure:15219: $? = 1
configure: failed program was:
| /* confdefs.h */
| #define PACKAGE_NAME "openbts-public"
| #define PACKAGE_TARNAME "openbts-public"
| #define PACKAGE_VERSION "TRUNK"
| #define PACKAGE_STRING "openbts-public TRUNK"
| #define PACKAGE_BUGREPORT ""
| #define PACKAGE_URL ""
| #define PACKAGE "openbts-public"
| #define VERSION "TRUNK"
| #define STDC_HEADERS 1
| #define HAVE_SYS_TYPES_H 1
| #define HAVE_SYS_STAT_H 1
| #define HAVE_STDLIB_H 1
| #define HAVE_STRING_H 1
| #define HAVE_MEMORY_H 1
| #define HAVE_STRINGS_H 1
| #define HAVE_INTTYPES_H 1
| #define HAVE_STDINT_H 1
| #define HAVE_UNISTD_H 1
| #define HAVE_DLFCN_H 1
| #define LT_OBJDIR ".libs/"
| #define STDC_HEADERS 1
| #define HAVE_BYTESWAP_H 1
| /* end confdefs.h.  */
| #include <stdio.h>
| #ifdef HAVE_SYS_TYPES_H
| # include <sys/types.h>
| #endif
| #ifdef HAVE_SYS_STAT_H
| # include <sys/stat.h>
| #endif
| #ifdef STDC_HEADERS
| # include <stdlib.h>
| # include <stddef.h>
| #else
| # ifdef HAVE_STDLIB_H
| #  include <stdlib.h>
| # endif
| #endif
| #ifdef HAVE_STRING_H
| # if !defined STDC_HEADERS && defined HAVE_MEMORY_H
| #  include <memory.h>
| # endif
| # include <string.h>
| #endif
| #ifdef HAVE_STRINGS_H
| # include <strings.h>
| #endif
| #ifdef HAVE_INTTYPES_H
| # include <inttypes.h>
| #endif
| #ifdef HAVE_STDINT_H
| # include <stdint.h>
| #endif
| #ifdef HAVE_UNISTD_H
| # include <unistd.h>
| #endif
| int
| main ()
| {
| if (sizeof ((size_t)))
| 	    return 0;
|   ;
|   return 0;
| }
configure:15219: result: yes
configure:15230: checking whether time.h and sys/time.h may both be included
configure:15250: gcc -c -g -O2  conftest.c >&5
configure:15250: $? = 0
configure:15257: result: yes
configure:15265: checking whether byte ordering is bigendian
configure:15280: gcc -c -g -O2  conftest.c >&5
conftest.c:27: error: expected '=', ',', ';', 'asm' or '__attribute__' before 'a'
configure:15280: $? = 1
configure: failed program was:
| /* confdefs.h */
| #define PACKAGE_NAME "openbts-public"
| #define PACKAGE_TARNAME "openbts-public"
| #define PACKAGE_VERSION "TRUNK"
| #define PACKAGE_STRING "openbts-public TRUNK"
| #define PACKAGE_BUGREPORT ""
| #define PACKAGE_URL ""
| #define PACKAGE "openbts-public"
| #define VERSION "TRUNK"
| #define STDC_HEADERS 1
| #define HAVE_SYS_TYPES_H 1
| #define HAVE_SYS_STAT_H 1
| #define HAVE_STDLIB_H 1
| #define HAVE_STRING_H 1
| #define HAVE_MEMORY_H 1
| #define HAVE_STRINGS_H 1
| #define HAVE_INTTYPES_H 1
| #define HAVE_STDINT_H 1
| #define HAVE_UNISTD_H 1
| #define HAVE_DLFCN_H 1
| #define LT_OBJDIR ".libs/"
| #define STDC_HEADERS 1
| #define HAVE_BYTESWAP_H 1
| #define TIME_WITH_SYS_TIME 1
| /* end confdefs.h.  */
| #ifndef __APPLE_CC__
| 	       not a universal capable compiler
| 	     #endif
| 	     typedef int dummy;
| 
configure:15325: gcc -c -g -O2  conftest.c >&5
configure:15325: $? = 0
configure:15343: gcc -c -g -O2  conftest.c >&5
conftest.c: In function 'main':
conftest.c:33: error: 'not' undeclared (first use in this function)
conftest.c:33: error: (Each undeclared identifier is reported only once
conftest.c:33: error: for each function it appears in.)
conftest.c:33: error: expected ';' before 'big'
configure:15343: $? = 1
configure: failed program was:
| /* confdefs.h */
| #define PACKAGE_NAME "openbts-public"
| #define PACKAGE_TARNAME "openbts-public"
| #define PACKAGE_VERSION "TRUNK"
| #define PACKAGE_STRING "openbts-public TRUNK"
| #define PACKAGE_BUGREPORT ""
| #define PACKAGE_URL ""
| #define PACKAGE "openbts-public"
| #define VERSION "TRUNK"
| #define STDC_HEADERS 1
| #define HAVE_SYS_TYPES_H 1
| #define HAVE_SYS_STAT_H 1
| #define HAVE_STDLIB_H 1
| #define HAVE_STRING_H 1
| #define HAVE_MEMORY_H 1
| #define HAVE_STRINGS_H 1
| #define HAVE_INTTYPES_H 1
| #define HAVE_STDINT_H 1
| #define HAVE_UNISTD_H 1
| #define HAVE_DLFCN_H 1
| #define LT_OBJDIR ".libs/"
| #define STDC_HEADERS 1
| #define HAVE_BYTESWAP_H 1
| #define TIME_WITH_SYS_TIME 1
| /* end confdefs.h.  */
| #include <sys/types.h>
| 		#include <sys/param.h>
| 
| int
| main ()
| {
| #if BYTE_ORDER != BIG_ENDIAN
| 		 not big endian
| 		#endif
| 
|   ;
|   return 0;
| }
configure:15471: result: no
configure:15560: checking for pkg-config
configure:15578: found /usr/bin/pkg-config
configure:15590: result: /usr/bin/pkg-config
configure:15615: checking pkg-config is at least version 0.18
configure:15618: result: yes
configure:15634: checking for x86 cpuid  output
configure:15663: gcc -o conftest -g -O2   conftest.c  >&5
conftest.c: In function 'main':
conftest.c:31: error: expected expression before ',' token
configure:15663: $? = 1
configure: program exited with status 1
configure: failed program was:
| /* confdefs.h */
| #define PACKAGE_NAME "openbts-public"
| #define PACKAGE_TARNAME "openbts-public"
| #define PACKAGE_VERSION "TRUNK"
| #define PACKAGE_STRING "openbts-public TRUNK"
| #define PACKAGE_BUGREPORT ""
| #define PACKAGE_URL ""
| #define PACKAGE "openbts-public"
| #define VERSION "TRUNK"
| #define STDC_HEADERS 1
| #define HAVE_SYS_TYPES_H 1
| #define HAVE_SYS_STAT_H 1
| #define HAVE_STDLIB_H 1
| #define HAVE_STRING_H 1
| #define HAVE_MEMORY_H 1
| #define HAVE_STRINGS_H 1
| #define HAVE_INTTYPES_H 1
| #define HAVE_STDINT_H 1
| #define HAVE_UNISTD_H 1
| #define HAVE_DLFCN_H 1
| #define LT_OBJDIR ".libs/"
| #define STDC_HEADERS 1
| #define HAVE_BYTESWAP_H 1
| #define TIME_WITH_SYS_TIME 1
| /* end confdefs.h.  */
| #include <stdio.h>
| int
| main ()
| {
| 
|      int op = , eax, ebx, ecx, edx;
|      FILE *f;
|       __asm__("cpuid"
|         : "=a" (eax), "=b" (ebx), "=c" (ecx), "=d" (edx)
|         : "a" (op));
|      f = fopen("conftest_cpuid", "w"); if (!f) return 1;
|      fprintf(f, "%x:%x:%x:%x\n", eax, ebx, ecx, edx);
|      fclose(f);
|      return 0;
| 
|   ;
|   return 0;
| }
configure:15673: result: unknown
configure:15689: checking for x86-AVX xgetbv  output
configure:15719: gcc -o conftest -g -O2   conftest.c  >&5
conftest.c: In function 'main':
conftest.c:31: error: expected expression before ',' token
configure:15719: $? = 1
configure: program exited with status 1
configure: failed program was:
| /* confdefs.h */
| #define PACKAGE_NAME "openbts-public"
| #define PACKAGE_TARNAME "openbts-public"
| #define PACKAGE_VERSION "TRUNK"
| #define PACKAGE_STRING "openbts-public TRUNK"
| #define PACKAGE_BUGREPORT ""
| #define PACKAGE_URL ""
| #define PACKAGE "openbts-public"
| #define VERSION "TRUNK"
| #define STDC_HEADERS 1
| #define HAVE_SYS_TYPES_H 1
| #define HAVE_SYS_STAT_H 1
| #define HAVE_STDLIB_H 1
| #define HAVE_STRING_H 1
| #define HAVE_MEMORY_H 1
| #define HAVE_STRINGS_H 1
| #define HAVE_INTTYPES_H 1
| #define HAVE_STDINT_H 1
| #define HAVE_UNISTD_H 1
| #define HAVE_DLFCN_H 1
| #define LT_OBJDIR ".libs/"
| #define STDC_HEADERS 1
| #define HAVE_BYTESWAP_H 1
| #define TIME_WITH_SYS_TIME 1
| /* end confdefs.h.  */
| #include <stdio.h>
| int
| main ()
| {
| 
|      int op = , eax, edx;
|      FILE *f;
|       /* Opcodes for xgetbv */
|       __asm__(".byte 0x0f, 0x01, 0xd0"
|         : "=a" (eax), "=d" (edx)
|         : "c" (op));
|      f = fopen("conftest_xgetbv", "w"); if (!f) return 1;
|      fprintf(f, "%x:%x\n", eax, edx);
|      fclose(f);
|      return 0;
| 
|   ;
|   return 0;
| }
configure:15729: result: unknown
configure:16546: checking for UHD
configure:16554: $PKG_CONFIG --exists --print-errors "uhd >= 003.004.000"
configure:16557: $? = 0
configure:16594: $PKG_CONFIG --exists --print-errors "uhd >= 003.004.000"
configure:16597: $? = 0
configure:16614: $PKG_CONFIG --exists --print-errors "uhd >= 003.004.000"
configure:16617: $? = 0
configure:16684: result: yes
configure:16707: checking for x86 cpuid 0x00000001 output
configure:16736: gcc -o conftest -g -O2   conftest.c  >&5
configure:16736: $? = 0
configure:16736: ./conftest
configure:16736: $? = 0
configure:16746: result: 306a9:7100800:7fbae3bf:bfebfbff
configure:16758: checking whether mmx is supported
configure:16770: result: yes
configure:16773: checking whether sse is supported
configure:16785: result: yes
configure:16788: checking whether sse2 is supported
configure:16800: result: yes
configure:16803: checking whether sse3 is supported
configure:16815: result: yes
configure:16818: checking whether ssse3 is supported
configure:16830: result: yes
configure:16833: checking whether sse4.1 is supported
configure:16845: result: yes
configure:16848: checking whether sse4.2 is supported
configure:16860: result: yes
configure:16863: checking whether avx is supported by processor
configure:16875: result: yes
configure:16886: checking for x86-AVX xgetbv 0x00000000 output
configure:16916: gcc -o conftest -g -O2   conftest.c  >&5
configure:16916: $? = 0
configure:16916: ./conftest
configure:16916: $? = 0
configure:16926: result: 7:0
configure:16941: checking whether avx is supported by operating system
configure:16956: result: yes
configure:16965: checking whether C compiler accepts -mmmx
configure:16984: gcc -c -g -O2  -mmmx  conftest.c >&5
configure:16984: $? = 0
configure:16992: result: yes
configure:17012: checking whether C compiler accepts -msse
configure:17031: gcc -c -g -O2  -msse  conftest.c >&5
configure:17031: $? = 0
configure:17039: result: yes
configure:17059: checking whether C compiler accepts -msse2
configure:17078: gcc -c -g -O2  -msse2  conftest.c >&5
configure:17078: $? = 0
configure:17086: result: yes
configure:17106: checking whether C compiler accepts -msse3
configure:17125: gcc -c -g -O2  -msse3  conftest.c >&5
configure:17125: $? = 0
configure:17133: result: yes
configure:17153: checking whether C compiler accepts -mssse3
configure:17172: gcc -c -g -O2  -mssse3  conftest.c >&5
configure:17172: $? = 0
configure:17180: result: yes
configure:17200: checking whether C compiler accepts -msse4.1
configure:17219: gcc -c -g -O2  -msse4.1  conftest.c >&5
configure:17219: $? = 0
configure:17227: result: yes
configure:17247: checking whether C compiler accepts -msse4.2
configure:17266: gcc -c -g -O2  -msse4.2  conftest.c >&5
configure:17266: $? = 0
configure:17274: result: yes
configure:17294: checking whether C compiler accepts -mavx
configure:17313: gcc -c -g -O2  -mavx  conftest.c >&5
configure:17313: $? = 0
configure:17321: result: yes
configure:17376: checking for LIBUSB
configure:17384: $PKG_CONFIG --exists --print-errors "libusb-1.0"
configure:17387: $? = 0
configure:17424: $PKG_CONFIG --exists --print-errors "libusb-1.0"
configure:17427: $? = 0
configure:17444: $PKG_CONFIG --exists --print-errors "libusb-1.0"
configure:17447: $? = 0
configure:17514: result: yes
configure:17520: checking for gethostbyname_r
configure:17520: gcc -o conftest -g -O2   conftest.c  >&5
configure:17520: $? = 0
configure:17520: result: yes
configure:17527: checking for gethostbyname2_r
configure:17527: gcc -o conftest -g -O2   conftest.c  >&5
configure:17527: $? = 0
configure:17527: result: yes
configure:17677: creating ./config.status

## ---------------------- ##
## Running config.status. ##
## ---------------------- ##

This file was extended by openbts-public config.status TRUNK, which was
generated by GNU Autoconf 2.65.  Invocation command line was

  CONFIG_FILES    = 
  CONFIG_HEADERS  = 
  CONFIG_LINKS    = 
  CONFIG_COMMANDS = 
  $ ./config.status 

on gabriel-laptop

config.status:1188: creating Makefile
config.status:1188: creating apps/Makefile
config.status:1188: creating config/Makefile
config.status:1188: creating doc/Makefile
config.status:1188: creating CommonLibs/Makefile
config.status:1188: creating Globals/Makefile
config.status:1188: creating Control/Makefile
config.status:1188: creating GSM/Makefile
config.status:1188: creating GPRS/Makefile
config.status:1188: creating SGSNGGSN/Makefile
config.status:1188: creating SIP/Makefile
config.status:1188: creating SMS/Makefile
config.status:1188: creating TransceiverRAD1/Makefile
config.status:1188: creating Transceiver52M/Makefile
config.status:1188: creating TRXManager/Makefile
config.status:1188: creating CLI/Makefile
config.status:1188: creating Peering/Makefile
config.status:1188: creating SR/Makefile
config.status:1188: creating sqlite3/Makefile
config.status:1188: creating config.h
config.status:1408: executing depfiles commands
config.status:1408: executing libtool commands

## ---------------- ##
## Cache variables. ##
## ---------------- ##

ac_cv_build=x86_64-unknown-linux-gnu
ac_cv_c_bigendian=no
ac_cv_c_compiler_gnu=yes
ac_cv_c_const=yes
ac_cv_c_inline=inline
ac_cv_cxx_compiler_gnu=yes
ac_cv_env_CCASFLAGS_set=
ac_cv_env_CCASFLAGS_value=
ac_cv_env_CCAS_set=
ac_cv_env_CCAS_value=
ac_cv_env_CCC_set=
ac_cv_env_CCC_value=
ac_cv_env_CC_set=
ac_cv_env_CC_value=
ac_cv_env_CFLAGS_set=
ac_cv_env_CFLAGS_value=
ac_cv_env_CPPFLAGS_set=
ac_cv_env_CPPFLAGS_value=
ac_cv_env_CPP_set=
ac_cv_env_CPP_value=
ac_cv_env_CXXCPP_set=
ac_cv_env_CXXCPP_value=
ac_cv_env_CXXFLAGS_set=
ac_cv_env_CXXFLAGS_value=
ac_cv_env_CXX_set=
ac_cv_env_CXX_value=
ac_cv_env_LDFLAGS_set=
ac_cv_env_LDFLAGS_value=
ac_cv_env_LIBS_set=
ac_cv_env_LIBS_value=
ac_cv_env_LIBUSB_CFLAGS_set=
ac_cv_env_LIBUSB_CFLAGS_value=
ac_cv_env_LIBUSB_INCLUDEDIR_set=
ac_cv_env_LIBUSB_INCLUDEDIR_value=
ac_cv_env_LIBUSB_LIBS_set=
ac_cv_env_LIBUSB_LIBS_value=
ac_cv_env_PKG_CONFIG_set=
ac_cv_env_PKG_CONFIG_value=
ac_cv_env_UHD_CFLAGS_set=
ac_cv_env_UHD_CFLAGS_value=
ac_cv_env_UHD_INCLUDEDIR_set=
ac_cv_env_UHD_INCLUDEDIR_value=
ac_cv_env_UHD_LIBS_set=
ac_cv_env_UHD_LIBS_value=
ac_cv_env_USRP_CFLAGS_set=
ac_cv_env_USRP_CFLAGS_value=
ac_cv_env_USRP_INCLUDEDIR_set=
ac_cv_env_USRP_INCLUDEDIR_value=
ac_cv_env_USRP_LIBS_set=
ac_cv_env_USRP_LIBS_value=
ac_cv_env_build_alias_set=
ac_cv_env_build_alias_value=
ac_cv_env_host_alias_set=
ac_cv_env_host_alias_value=
ac_cv_env_target_alias_set=
ac_cv_env_target_alias_value=
ac_cv_func_gethostbyname2_r=yes
ac_cv_func_gethostbyname_r=yes
ac_cv_header_byteswap_h=yes
ac_cv_header_dlfcn_h=yes
ac_cv_header_inttypes_h=yes
ac_cv_header_memory_h=yes
ac_cv_header_stdc=yes
ac_cv_header_stdint_h=yes
ac_cv_header_stdlib_h=yes
ac_cv_header_string_h=yes
ac_cv_header_strings_h=yes
ac_cv_header_sys_stat_h=yes
ac_cv_header_sys_types_h=yes
ac_cv_header_time=yes
ac_cv_header_unistd_h=yes
ac_cv_host=x86_64-unknown-linux-gnu
ac_cv_objext=o
ac_cv_path_EGREP='/bin/grep -E'
ac_cv_path_FGREP='/bin/grep -F'
ac_cv_path_GREP=/bin/grep
ac_cv_path_RM_PROG=/bin/rm
ac_cv_path_SED=/bin/sed
ac_cv_path_ac_pt_PKG_CONFIG=/usr/bin/pkg-config
ac_cv_path_install='/usr/bin/install -c'
ac_cv_path_mkdir=/bin/mkdir
ac_cv_prog_AWK=gawk
ac_cv_prog_CPP='gcc -E'
ac_cv_prog_CXXCPP='g++ -E'
ac_cv_prog_ac_ct_AR=ar
ac_cv_prog_ac_ct_CC=gcc
ac_cv_prog_ac_ct_CXX=g++
ac_cv_prog_ac_ct_OBJDUMP=objdump
ac_cv_prog_ac_ct_RANLIB=ranlib
ac_cv_prog_ac_ct_STRIP=strip
ac_cv_prog_cc_c89=
ac_cv_prog_cc_g=yes
ac_cv_prog_cxx_g=yes
ac_cv_prog_make_make_set=yes
ac_cv_target=x86_64-unknown-linux-gnu
ac_cv_type_size_t=yes
am_cv_CCAS_dependencies_compiler_type=gcc3
am_cv_CC_dependencies_compiler_type=gcc3
am_cv_CXX_dependencies_compiler_type=gcc3
ax_cv_check_cflags___mavx=yes
ax_cv_check_cflags___mmmx=yes
ax_cv_check_cflags___msse2=yes
ax_cv_check_cflags___msse3=yes
ax_cv_check_cflags___msse4_1=yes
ax_cv_check_cflags___msse4_2=yes
ax_cv_check_cflags___msse=yes
ax_cv_check_cflags___mssse3=yes
ax_cv_gcc_x86_avx_xgetbv_0x00000000=7:0
ax_cv_gcc_x86_avx_xgetbv_=unknown
ax_cv_gcc_x86_cpuid_0x00000001=306a9:7100800:7fbae3bf:bfebfbff
ax_cv_gcc_x86_cpuid_=unknown
ax_cv_have_avx_cpu_ext=yes
ax_cv_have_avx_ext=yes
ax_cv_have_mmx_ext=yes
ax_cv_have_sse2_ext=yes
ax_cv_have_sse3_ext=yes
ax_cv_have_sse41_ext=yes
ax_cv_have_sse42_ext=yes
ax_cv_have_sse_ext=yes
ax_cv_have_ssse3_ext=yes
ax_cv_support_avx_ext=yes
ax_cv_support_mmx_ext=yes
ax_cv_support_sse2_ext=yes
ax_cv_support_sse3_ext=yes
ax_cv_support_sse41_ext=yes
ax_cv_support_sse42_ext=yes
ax_cv_support_sse_ext=yes
ax_cv_support_ssse3_ext=yes
lt_cv_deplibs_check_method=pass_all
lt_cv_file_magic_cmd='$MAGIC_CMD'
lt_cv_file_magic_test_file=
lt_cv_ld_reload_flag=-r
lt_cv_nm_interface='BSD nm'
lt_cv_objdir=.libs
lt_cv_path_LD=/usr/bin/ld
lt_cv_path_LDCXX='/usr/bin/ld -m elf_x86_64'
lt_cv_path_NM='/usr/bin/nm -B'
lt_cv_prog_compiler_c_o=yes
lt_cv_prog_compiler_c_o_CXX=yes
lt_cv_prog_compiler_pic_works=yes
lt_cv_prog_compiler_pic_works_CXX=yes
lt_cv_prog_compiler_rtti_exceptions=no
lt_cv_prog_compiler_static_works=yes
lt_cv_prog_compiler_static_works_CXX=yes
lt_cv_prog_gnu_ld=yes
lt_cv_prog_gnu_ldcxx=yes
lt_cv_sys_global_symbol_pipe='sed -n -e '\''s/^.*[	 ]\([ABCDGIRSTW][ABCDGIRSTW]*\)[	 ][	 ]*\([_A-Za-z][_A-Za-z0-9]*\)$/\1 \2 \2/p'\'''
lt_cv_sys_global_symbol_to_c_name_address='sed -n -e '\''s/^: \([^ ]*\) $/  {\"\1\", (void *) 0},/p'\'' -e '\''s/^[ABCDGIRSTW]* \([^ ]*\) \([^ ]*\)$/  {"\2", (void *) \&\2},/p'\'''
lt_cv_sys_global_symbol_to_c_name_address_lib_prefix='sed -n -e '\''s/^: \([^ ]*\) $/  {\"\1\", (void *) 0},/p'\'' -e '\''s/^[ABCDGIRSTW]* \([^ ]*\) \(lib[^ ]*\)$/  {"\2", (void *) \&\2},/p'\'' -e '\''s/^[ABCDGIRSTW]* \([^ ]*\) \([^ ]*\)$/  {"lib\2", (void *) \&\2},/p'\'''
lt_cv_sys_global_symbol_to_cdecl='sed -n -e '\''s/^T .* \(.*\)$/extern int \1();/p'\'' -e '\''s/^[ABCDGIRSTW]* .* \(.*\)$/extern char \1;/p'\'''
lt_cv_sys_max_cmd_len=1572864
pkg_cv_LIBUSB_CFLAGS='-I/usr/include/libusb-1.0  '
pkg_cv_LIBUSB_CPPFLAGS=' -I/usr/include/libusb-1.0'
pkg_cv_LIBUSB_INCLUDEDIR=/usr/include
pkg_cv_LIBUSB_LIBS='-lusb-1.0  '
pkg_cv_UHD_CFLAGS=' '
pkg_cv_UHD_CPPFLAGS=
pkg_cv_UHD_INCLUDEDIR=/usr/include
pkg_cv_UHD_LIBS='-L/usr/lib64 -luhd  '

## ----------------- ##
## Output variables. ##
## ----------------- ##

ACLOCAL='${SHELL} /home/gabriel/Escritorio/RSFM/rawOBTS/public/openbts/trunk/missing --run aclocal-1.11'
AMDEPBACKSLASH='\'
AMDEP_FALSE='#'
AMDEP_TRUE=''
AMTAR='${SHELL} /home/gabriel/Escritorio/RSFM/rawOBTS/public/openbts/trunk/missing --run tar'
AR='ar'
AS='as'
AUTOCONF='${SHELL} /home/gabriel/Escritorio/RSFM/rawOBTS/public/openbts/trunk/missing --run autoconf'
AUTOHEADER='${SHELL} /home/gabriel/Escritorio/RSFM/rawOBTS/public/openbts/trunk/missing --run autoheader'
AUTOMAKE='${SHELL} /home/gabriel/Escritorio/RSFM/rawOBTS/public/openbts/trunk/missing --run automake-1.11'
AWK='gawk'
CC='gcc'
CCAS='gcc'
CCASDEPMODE='depmode=gcc3'
CCASFLAGS='-g -O2'
CCDEPMODE='depmode=gcc3'
CFLAGS='-g -O2'
CPP='gcc -E'
CPPFLAGS=''
CXX='g++'
CXXCPP='g++ -E'
CXXDEPMODE='depmode=gcc3'
CXXFLAGS='-g -O2'
CYGPATH_W='echo'
DEFS='-DHAVE_CONFIG_H'
DEPDIR='.deps'
DLLTOOL='dlltool'
DSYMUTIL=''
DUMPBIN=''
ECHO_C=''
ECHO_N='-n'
ECHO_T=''
EGREP='/bin/grep -E'
EXEEXT=''
FGREP='/bin/grep -F'
GREP='/bin/grep'
INSTALL_DATA='${INSTALL} -m 644'
INSTALL_PROGRAM='${INSTALL}'
INSTALL_SCRIPT='${INSTALL}'
INSTALL_STRIP_PROGRAM='$(install_sh) -c -s'
LD='/usr/bin/ld -m elf_x86_64'
LDFLAGS=''
LIBOBJS=''
LIBS=''
LIBTOOL='$(SHELL) $(top_builddir)/libtool'
LIBUSB_CFLAGS='-I/usr/include/libusb-1.0  '
LIBUSB_CPPFLAGS=' -I/usr/include/libusb-1.0'
LIBUSB_INCLUDEDIR='/usr/include'
LIBUSB_LIBS='-lusb-1.0  '
LIPO=''
LN_S='ln -s'
LTLIBOBJS=''
MAKEINFO='${SHELL} /home/gabriel/Escritorio/RSFM/rawOBTS/public/openbts/trunk/missing --run makeinfo'
MKDIR_P='/bin/mkdir -p'
NM='/usr/bin/nm -B'
NMEDIT=''
OBJDUMP='objdump'
OBJEXT='o'
OTOOL64=''
OTOOL=''
PACKAGE='openbts-public'
PACKAGE_BUGREPORT=''
PACKAGE_NAME='openbts-public'
PACKAGE_STRING='openbts-public TRUNK'
PACKAGE_TARNAME='openbts-public'
PACKAGE_URL=''
PACKAGE_VERSION='TRUNK'
PATH_SEPARATOR=':'
PKG_CONFIG='/usr/bin/pkg-config'
RANLIB='ranlib'
RM_PROG='/bin/rm'
SED='/bin/sed'
SET_MAKE=''
SHELL='/bin/bash'
SIMD_FLAGS=' -mmmx -msse -msse2 -msse3 -mssse3 -msse4.1 -msse4.2 -mavx'
STRIP='strip'
UHD_CFLAGS=' '
UHD_CPPFLAGS=''
UHD_FALSE='#'
UHD_INCLUDEDIR='/usr/include'
UHD_LIBS='-L/usr/lib64 -luhd  '
UHD_TRUE=''
USRP1_FALSE=''
USRP1_TRUE='#'
USRP_CFLAGS=''
USRP_CPPFLAGS=''
USRP_INCLUDEDIR=''
USRP_LIBS=''
VERSION='TRUNK'
ac_ct_CC='gcc'
ac_ct_CXX='g++'
ac_ct_DUMPBIN=''
am__EXEEXT_FALSE=''
am__EXEEXT_TRUE='#'
am__fastdepCCAS_FALSE='#'
am__fastdepCCAS_TRUE=''
am__fastdepCC_FALSE='#'
am__fastdepCC_TRUE=''
am__fastdepCXX_FALSE='#'
am__fastdepCXX_TRUE=''
am__include='include'
am__isrc=''
am__leading_dot='.'
am__quote=''
am__tar='${AMTAR} chof - "$$tardir"'
am__untar='${AMTAR} xf -'
bindir='${exec_prefix}/bin'
build='x86_64-unknown-linux-gnu'
build_alias=''
build_cpu='x86_64'
build_os='linux-gnu'
build_vendor='unknown'
datadir='${datarootdir}'
datarootdir='${prefix}/share'
docdir='${datarootdir}/doc/${PACKAGE_TARNAME}'
dvidir='${docdir}'
exec_prefix='${prefix}'
host='x86_64-unknown-linux-gnu'
host_alias=''
host_cpu='x86_64'
host_os='linux-gnu'
host_vendor='unknown'
htmldir='${docdir}'
includedir='${prefix}/include'
infodir='${datarootdir}/info'
install_sh='${SHELL} /home/gabriel/Escritorio/RSFM/rawOBTS/public/openbts/trunk/install-sh'
libdir='${exec_prefix}/lib'
libexecdir='${exec_prefix}/libexec'
localedir='${datarootdir}/locale'
localstatedir='${prefix}/var'
lt_ECHO='echo'
mandir='${datarootdir}/man'
mkdir_p='/bin/mkdir -p'
oldincludedir='/usr/include'
pdfdir='${docdir}'
prefix='/usr/local'
program_transform_name='s,x,x,'
psdir='${docdir}'
sbindir='${exec_prefix}/sbin'
sharedstatedir='${prefix}/com'
sysconfdir='${prefix}/etc'
target='x86_64-unknown-linux-gnu'
target_alias=''
target_cpu='x86_64'
target_os='linux-gnu'
target_vendor='unknown'

## ----------- ##
## confdefs.h. ##
## ----------- ##

/* confdefs.h */
#define PACKAGE_NAME "openbts-public"
#define PACKAGE_TARNAME "openbts-public"
#define PACKAGE_VERSION "TRUNK"
#define PACKAGE_STRING "openbts-public TRUNK"
#define PACKAGE_BUGREPORT ""
#define PACKAGE_URL ""
#define PACKAGE "openbts-public"
#define VERSION "TRUNK"
#define STDC_HEADERS 1
#define HAVE_SYS_TYPES_H 1
#define HAVE_SYS_STAT_H 1
#define HAVE_STDLIB_H 1
#define HAVE_STRING_H 1
#define HAVE_MEMORY_H 1
#define HAVE_STRINGS_H 1
#define HAVE_INTTYPES_H 1
#define HAVE_STDINT_H 1
#define HAVE_UNISTD_H 1
#define HAVE_DLFCN_H 1
#define LT_OBJDIR ".libs/"
#define STDC_HEADERS 1
#define HAVE_BYTESWAP_H 1
#define TIME_WITH_SYS_TIME 1
#define USE_UHD 1
#define HAVE_MMX /**/
#define HAVE_SSE /**/
#define HAVE_SSE2 /**/
#define HAVE_SSE3 /**/
#define HAVE_SSSE3 /**/
#define HAVE_SSE4_1 /**/
#define HAVE_SSE4_2 /**/
#define HAVE_AVX /**/
#define HAVE_GETHOSTBYNAME_R 1
#define HAVE_GETHOSTBYNAME2_R 1

configure: exit 0
